<?xml version="1.0" encoding="UTF-8"?>
<!-- Generated by org.testng.reporters.JUnitXMLReporter -->
<testsuite hostname="PUN-8GTQJC2" name="Default test" tests="6" failures="0" timestamp="25 Jan 2017 07:35:54 GMT" time="61.815" errors="0">
  <testcase name="SourceEnvironment" time="12.427" classname="com.SPSCommerce.Migrator.SPSMigratorTest"/>
  <testcase name="Table" time="1.821" classname="com.SPSCommerce.Migrator.SPSMigratorTest"/>
  <testcase name="SearchbyColumn" time="2.111" classname="com.SPSCommerce.Migrator.SPSMigratorTest"/>
  <testcase name="searchparameter" time="4.78" classname="com.SPSCommerce.Migrator.SPSMigratorTest"/>
  <testcase name="Selectsearchparameter" time="0.927" classname="com.SPSCommerce.Migrator.SPSMigratorTest"/>
  <testcase name="Export" time="24.867" classname="com.SPSCommerce.Migrator.SPSMigratorTest"/>
</testsuite> <!-- Default test -->
