<?xml version="1.0" encoding="UTF-8"?>
<testng-results skipped="0" failed="0" total="6" passed="6">
  <reporter-output>
  </reporter-output>
  <suite name="Default suite" duration-ms="61815" started-at="2017-01-25T07:34:52Z" finished-at="2017-01-25T07:35:54Z">
    <groups>
    </groups>
    <test name="Default test" duration-ms="61815" started-at="2017-01-25T07:34:52Z" finished-at="2017-01-25T07:35:54Z">
      <class name="com.SPSCommerce.Migrator.SPSMigratorTest">
        <test-method status="PASS" signature="Migrator()[pri:0, instance:com.SPSCommerce.Migrator.SPSMigratorTest@65f095f8]" name="Migrator" is-config="true" duration-ms="14838" started-at="2017-01-25T13:04:52Z" finished-at="2017-01-25T13:05:07Z">
          <reporter-output>
          </reporter-output>
        </test-method> <!-- Migrator -->
        <test-method status="PASS" signature="SourceEnvironment()[pri:0, instance:com.SPSCommerce.Migrator.SPSMigratorTest@65f095f8]" name="SourceEnvironment" duration-ms="12427" started-at="2017-01-25T13:05:07Z" finished-at="2017-01-25T13:05:20Z">
          <reporter-output>
          </reporter-output>
        </test-method> <!-- SourceEnvironment -->
        <test-method status="PASS" signature="Table()[pri:0, instance:com.SPSCommerce.Migrator.SPSMigratorTest@65f095f8]" name="Table" duration-ms="1821" started-at="2017-01-25T13:05:20Z" finished-at="2017-01-25T13:05:21Z">
          <reporter-output>
          </reporter-output>
        </test-method> <!-- Table -->
        <test-method status="PASS" signature="SearchbyColumn()[pri:0, instance:com.SPSCommerce.Migrator.SPSMigratorTest@65f095f8]" name="SearchbyColumn" duration-ms="2111" started-at="2017-01-25T13:05:21Z" finished-at="2017-01-25T13:05:24Z">
          <reporter-output>
          </reporter-output>
        </test-method> <!-- SearchbyColumn -->
        <test-method status="PASS" signature="searchparameter()[pri:0, instance:com.SPSCommerce.Migrator.SPSMigratorTest@65f095f8]" name="searchparameter" duration-ms="4780" started-at="2017-01-25T13:05:24Z" finished-at="2017-01-25T13:05:28Z">
          <reporter-output>
          </reporter-output>
        </test-method> <!-- searchparameter -->
        <test-method status="PASS" signature="Selectsearchparameter()[pri:0, instance:com.SPSCommerce.Migrator.SPSMigratorTest@65f095f8]" name="Selectsearchparameter" duration-ms="927" started-at="2017-01-25T13:05:28Z" finished-at="2017-01-25T13:05:29Z">
          <reporter-output>
          </reporter-output>
        </test-method> <!-- Selectsearchparameter -->
        <test-method status="PASS" signature="Export()[pri:0, instance:com.SPSCommerce.Migrator.SPSMigratorTest@65f095f8]" name="Export" duration-ms="24867" started-at="2017-01-25T13:05:29Z" finished-at="2017-01-25T13:05:54Z">
          <reporter-output>
          </reporter-output>
        </test-method> <!-- Export -->
      </class> <!-- com.SPSCommerce.Migrator.SPSMigratorTest -->
    </test> <!-- Default test -->
  </suite> <!-- Default suite -->
</testng-results>
